[2026-01-30T12:12:48.436Z] Plugin initialized: 9 commands [
  "commit",
  "execute",
  "plan",
  "research",
  "review",
  "ticket",
  "devcontainer",
  "worktree",
  "workspaces"
]
[2026-01-30T12:12:48.508Z] Registered /subtask command
[2026-01-30T12:12:53.907Z] /subtask command intercept: prompt=""Run /ticket feature_phase15_multi_strategy_portfo...", overrides={"as":"ticket_info"}
[2026-01-30T12:12:53.908Z] buildInlineSubtaskPart: prompt=""Run /ticket feature_phase15_multi_strategy_portfo...", model=undefined, agent=undefined
[2026-01-30T12:12:53.908Z] buildInlineSubtaskPart: registered result capture as "ticket_info"
[2026-01-30T12:12:53.908Z] /subtask: replaced output.parts with inline subtask
[2026-01-30T12:12:53.939Z] tool.before: taskSession=ses_3f12deef5ffeWQkcobwMcyUmAC, prompt="{as:ticket_info && subtask:tru...", pendingParentSession=NOT FOUND
[2026-01-30T12:12:53.940Z] tool.before: callID=prt_c0ed21125001BbxxptSU3Cic6s, cmd=subtask, desc="Run a command on the fly, supp", mainCmd=undefined
[2026-01-30T12:12:54.494Z] message-hooks: ENTRY msgCount=1, sessions=ses_3f12deecaffeH850TtbL93ZWYR
[2026-01-30T12:12:54.494Z] message-hooks: MESSAGES: [0]user: text:"{as:ticket_info && subtask:true} "Run /t..."
[2026-01-30T12:12:54.494Z] message-hooks: post-filter, msgCount=1
[2026-01-30T12:12:54.494Z] message-hooks: about to search for OPENCODE_GENERIC
[2026-01-30T12:12:54.494Z] message-hooks: searching 1 messages for OPENCODE_GENERIC
[2026-01-30T12:12:54.494Z] message-hooks: generic search complete, found=false, index=-1
[2026-01-30T12:12:54.494Z] message-hooks: no generic part found, checking for pending prompt return
[2026-01-30T12:13:00.330Z] message-hooks: ENTRY msgCount=2, sessions=ses_3f12deecaffeH850TtbL93ZWYR
[2026-01-30T12:13:00.330Z] message-hooks: MESSAGES: [0]user: text:"{as:ticket_info && subtask:true} "Run /t..." | [1]assistant: step-start, reasoning, text:" I'll start by reading the ticket file t...", tool:error, step-finish
[2026-01-30T12:13:00.330Z] message-hooks: post-filter, msgCount=2
[2026-01-30T12:13:00.330Z] message-hooks: about to search for OPENCODE_GENERIC
[2026-01-30T12:13:00.331Z] message-hooks: searching 2 messages for OPENCODE_GENERIC
[2026-01-30T12:13:00.331Z] message-hooks: generic search complete, found=false, index=-1
[2026-01-30T12:13:00.331Z] message-hooks: no generic part found, checking for pending prompt return
[2026-01-30T12:13:03.242Z] message-hooks: ENTRY msgCount=3, sessions=ses_3f12deecaffeH850TtbL93ZWYR
[2026-01-30T12:13:03.242Z] message-hooks: MESSAGES: [0]user: text:"{as:ticket_info && subtask:true} "Run /t..." | [1]assistant: step-start, reasoning, text:" I'll start by reading the ticket file t...", tool:error, step-finish | [2]assistant: step-start, reasoning, tool:completed, text:"", tool:completed, tool:completed, step-finish
[2026-01-30T12:13:03.242Z] message-hooks: post-filter, msgCount=3
[2026-01-30T12:13:03.242Z] message-hooks: about to search for OPENCODE_GENERIC
[2026-01-30T12:13:03.242Z] message-hooks: searching 3 messages for OPENCODE_GENERIC
[2026-01-30T12:13:03.242Z] message-hooks: generic search complete, found=false, index=-1
[2026-01-30T12:13:03.242Z] message-hooks: no generic part found, checking for pending prompt return
[2026-01-30T12:13:07.322Z] message-hooks: ENTRY msgCount=4, sessions=ses_3f12deecaffeH850TtbL93ZWYR
[2026-01-30T12:13:07.322Z] message-hooks: MESSAGES: [0]user: text:"{as:ticket_info && subtask:true} "Run /t..." | [1]assistant: step-start, reasoning, text:" I'll start by reading the ticket file t...", tool:error, step-finish | [2]assistant: step-start, reasoning, tool:completed, text:"", tool:completed, tool:completed, step-finish | [3]assistant: step-start, reasoning, tool:completed, text:"", step-finish
[2026-01-30T12:13:07.322Z] message-hooks: post-filter, msgCount=4
[2026-01-30T12:13:07.322Z] message-hooks: about to search for OPENCODE_GENERIC
[2026-01-30T12:13:07.322Z] message-hooks: searching 4 messages for OPENCODE_GENERIC
[2026-01-30T12:13:07.322Z] message-hooks: generic search complete, found=false, index=-1
[2026-01-30T12:13:07.322Z] message-hooks: no generic part found, checking for pending prompt return
[2026-01-30T12:13:11.865Z] message-hooks: ENTRY msgCount=5, sessions=ses_3f12deecaffeH850TtbL93ZWYR
[2026-01-30T12:13:11.865Z] message-hooks: MESSAGES: [0]user: text:"{as:ticket_info && subtask:true} "Run /t..." | [1]assistant: step-start, reasoning, text:" I'll start by reading the ticket file t...", tool:error, step-finish | [2]assistant: step-start, reasoning, tool:completed, text:"", tool:completed, tool:completed, step-finish | [3]assistant: step-start, reasoning, tool:completed, text:"", step-finish | [4]assistant: step-start, reasoning, text:" Now let me research the existing codeba...", tool:completed, tool:completed, tool:completed, step-finish
[2026-01-30T12:13:11.865Z] message-hooks: post-filter, msgCount=5
[2026-01-30T12:13:11.865Z] message-hooks: about to search for OPENCODE_GENERIC
[2026-01-30T12:13:11.865Z] message-hooks: searching 5 messages for OPENCODE_GENERIC
[2026-01-30T12:13:11.865Z] message-hooks: generic search complete, found=false, index=-1
[2026-01-30T12:13:11.865Z] message-hooks: no generic part found, checking for pending prompt return
[2026-01-30T12:13:16.747Z] message-hooks: ENTRY msgCount=6, sessions=ses_3f12deecaffeH850TtbL93ZWYR
[2026-01-30T12:13:16.747Z] message-hooks: MESSAGES: [0]user: text:"{as:ticket_info && subtask:true} "Run /t..." | [1]assistant: step-start, reasoning, text:" I'll start by reading the ticket file t...", tool:error, step-finish | [2]assistant: step-start, reasoning, tool:completed, text:"", tool:completed, tool:completed, step-finish | [3]assistant: step-start, reasoning, tool:completed, text:"", step-finish | [4]assistant: step-start, reasoning, text:" Now let me research the existing codeba...", tool:completed, tool:completed, tool:completed, step-finish | [5]assistant: step-start, reasoning, tool:completed, text:"", tool:completed, step-finish
[2026-01-30T12:13:16.747Z] message-hooks: post-filter, msgCount=6
[2026-01-30T12:13:16.747Z] message-hooks: about to search for OPENCODE_GENERIC
[2026-01-30T12:13:16.747Z] message-hooks: searching 6 messages for OPENCODE_GENERIC
[2026-01-30T12:13:16.747Z] message-hooks: generic search complete, found=false, index=-1
[2026-01-30T12:13:16.747Z] message-hooks: no generic part found, checking for pending prompt return
[2026-01-30T12:13:20.342Z] message-hooks: ENTRY msgCount=7, sessions=ses_3f12deecaffeH850TtbL93ZWYR
[2026-01-30T12:13:20.342Z] message-hooks: MESSAGES: [0]user: text:"{as:ticket_info && subtask:true} "Run /t..." | [1]assistant: step-start, reasoning, text:" I'll start by reading the ticket file t...", tool:error, step-finish | [2]assistant: step-start, reasoning, tool:completed, text:"", tool:completed, tool:completed, step-finish | [3]assistant: step-start, reasoning, tool:completed, text:"", step-finish | [4]assistant: step-start, reasoning, text:" Now let me research the existing codeba...", tool:completed, tool:completed, tool:completed, step-finish | [5]assistant: step-start, reasoning, tool:completed, text:"", tool:completed, step-finish | [6]assistant: step-start, reasoning, tool:completed, text:"", tool:completed, tool:completed, step-finish
[2026-01-30T12:13:20.342Z] message-hooks: post-filter, msgCount=7
[2026-01-30T12:13:20.342Z] message-hooks: about to search for OPENCODE_GENERIC
[2026-01-30T12:13:20.342Z] message-hooks: searching 7 messages for OPENCODE_GENERIC
[2026-01-30T12:13:20.342Z] message-hooks: generic search complete, found=false, index=-1
[2026-01-30T12:13:20.342Z] message-hooks: no generic part found, checking for pending prompt return
[2026-01-30T12:13:23.659Z] message-hooks: ENTRY msgCount=8, sessions=ses_3f12deecaffeH850TtbL93ZWYR
[2026-01-30T12:13:23.659Z] message-hooks: MESSAGES: [0]user: text:"{as:ticket_info && subtask:true} "Run /t..." | [1]assistant: step-start, reasoning, text:" I'll start by reading the ticket file t...", tool:error, step-finish | [2]assistant: step-start, reasoning, tool:completed, text:"", tool:completed, tool:completed, step-finish | [3]assistant: step-start, reasoning, tool:completed, text:"", step-finish | [4]assistant: step-start, reasoning, text:" Now let me research the existing codeba...", tool:completed, tool:completed, tool:completed, step-finish | [5]assistant: step-start, reasoning, tool:completed, text:"", tool:completed, step-finish | [6]assistant: step-start, reasoning, tool:completed, text:"", tool:completed, tool:completed, step-finish | [7]assistant: step-start, reasoning, tool:completed, text:"", tool:completed, tool:completed, step-finish
[2026-01-30T12:13:23.659Z] message-hooks: post-filter, msgCount=8
[2026-01-30T12:13:23.659Z] message-hooks: about to search for OPENCODE_GENERIC
[2026-01-30T12:13:23.659Z] message-hooks: searching 8 messages for OPENCODE_GENERIC
[2026-01-30T12:13:23.659Z] message-hooks: generic search complete, found=false, index=-1
[2026-01-30T12:13:23.659Z] message-hooks: no generic part found, checking for pending prompt return
[2026-01-30T12:13:28.727Z] message-hooks: ENTRY msgCount=9, sessions=ses_3f12deecaffeH850TtbL93ZWYR
[2026-01-30T12:13:28.727Z] message-hooks: MESSAGES: [0]user: text:"{as:ticket_info && subtask:true} "Run /t..." | [1]assistant: step-start, reasoning, text:" I'll start by reading the ticket file t...", tool:error, step-finish | [2]assistant: step-start, reasoning, tool:completed, text:"", tool:completed, tool:completed, step-finish | [3]assistant: step-start, reasoning, tool:completed, text:"", step-finish | [4]assistant: step-start, reasoning, text:" Now let me research the existing codeba...", tool:completed, tool:completed, tool:completed, step-finish | [5]assistant: step-start, reasoning, tool:completed, text:"", tool:completed, step-finish | [6]assistant: step-start, reasoning, tool:completed, text:"", tool:completed, tool:completed, step-finish | [7]assistant: step-start, reasoning, tool:completed, text:"", tool:completed, tool:completed, step-finish | [8]assistant: step-start, reasoning, tool:completed, text:"", tool:completed, step-finish
[2026-01-30T12:13:28.727Z] message-hooks: post-filter, msgCount=9
[2026-01-30T12:13:28.727Z] message-hooks: about to search for OPENCODE_GENERIC
[2026-01-30T12:13:28.727Z] message-hooks: searching 9 messages for OPENCODE_GENERIC
[2026-01-30T12:13:28.728Z] message-hooks: generic search complete, found=false, index=-1
[2026-01-30T12:13:28.728Z] message-hooks: no generic part found, checking for pending prompt return
[2026-01-30T12:13:36.628Z] message-hooks: ENTRY msgCount=10, sessions=ses_3f12deecaffeH850TtbL93ZWYR
[2026-01-30T12:13:36.628Z] message-hooks: MESSAGES: [0]user: text:"{as:ticket_info && subtask:true} "Run /t..." | [1]assistant: step-start, reasoning, text:" I'll start by reading the ticket file t...", tool:error, step-finish | [2]assistant: step-start, reasoning, tool:completed, text:"", tool:completed, tool:completed, step-finish | [3]assistant: step-start, reasoning, tool:completed, text:"", step-finish | [4]assistant: step-start, reasoning, text:" Now let me research the existing codeba...", tool:completed, tool:completed, tool:completed, step-finish | [5]assistant: step-start, reasoning, tool:completed, text:"", tool:completed, step-finish | [6]assistant: step-start, reasoning, tool:completed, text:"", tool:completed, tool:completed, step-finish | [7]assistant: step-start, reasoning, tool:completed, text:"", tool:completed, tool:completed, step-finish | [8]assistant: step-start, reasoning, tool:completed, text:"", tool:completed, step-finish | [9]assistant: step-start, reasoning, text:" Now I have all the research data. Let m...", tool:completed, step-finish
[2026-01-30T12:13:36.628Z] message-hooks: post-filter, msgCount=10
[2026-01-30T12:13:36.628Z] message-hooks: about to search for OPENCODE_GENERIC
[2026-01-30T12:13:36.628Z] message-hooks: searching 10 messages for OPENCODE_GENERIC
[2026-01-30T12:13:36.628Z] message-hooks: generic search complete, found=false, index=-1
[2026-01-30T12:13:36.628Z] message-hooks: no generic part found, checking for pending prompt return
[2026-01-30T12:13:40.202Z] message-hooks: ENTRY msgCount=11, sessions=ses_3f12deecaffeH850TtbL93ZWYR
[2026-01-30T12:13:40.202Z] message-hooks: MESSAGES: [0]user: text:"{as:ticket_info && subtask:true} "Run /t..." | [1]assistant: step-start, reasoning, text:" I'll start by reading the ticket file t...", tool:error, step-finish | [2]assistant: step-start, reasoning, tool:completed, text:"", tool:completed, tool:completed, step-finish | [3]assistant: step-start, reasoning, tool:completed, text:"", step-finish | [4]assistant: step-start, reasoning, text:" Now let me research the existing codeba...", tool:completed, tool:completed, tool:completed, step-finish | [5]assistant: step-start, reasoning, tool:completed, text:"", tool:completed, step-finish | [6]assistant: step-start, reasoning, tool:completed, text:"", tool:completed, tool:completed, step-finish | [7]assistant: step-start, reasoning, tool:completed, text:"", tool:completed, tool:completed, step-finish | [8]assistant: step-start, reasoning, tool:completed, text:"", tool:completed, step-finish | [9]assistant: step-start, reasoning, text:" Now I have all the research data. Let m...", tool:completed, step-finish | [10]assistant: step-start, reasoning, tool:completed, text:"", step-finish
[2026-01-30T12:13:40.202Z] message-hooks: post-filter, msgCount=11
[2026-01-30T12:13:40.202Z] message-hooks: about to search for OPENCODE_GENERIC
[2026-01-30T12:13:40.202Z] message-hooks: searching 11 messages for OPENCODE_GENERIC
[2026-01-30T12:13:40.202Z] message-hooks: generic search complete, found=false, index=-1
[2026-01-30T12:13:40.202Z] message-hooks: no generic part found, checking for pending prompt return
[2026-01-30T12:14:06.994Z] message-hooks: ENTRY msgCount=12, sessions=ses_3f12deecaffeH850TtbL93ZWYR
[2026-01-30T12:14:06.994Z] message-hooks: MESSAGES: [0]user: text:"{as:ticket_info && subtask:true} "Run /t..." | [1]assistant: step-start, reasoning, text:" I'll start by reading the ticket file t...", tool:error, step-finish | [2]assistant: step-start, reasoning, tool:completed, text:"", tool:completed, tool:completed, step-finish | [3]assistant: step-start, reasoning, tool:completed, text:"", step-finish | [4]assistant: step-start, reasoning, text:" Now let me research the existing codeba...", tool:completed, tool:completed, tool:completed, step-finish | [5]assistant: step-start, reasoning, tool:completed, text:"", tool:completed, step-finish | [6]assistant: step-start, reasoning, tool:completed, text:"", tool:completed, tool:completed, step-finish | [7]assistant: step-start, reasoning, tool:completed, text:"", tool:completed, tool:completed, step-finish | [8]assistant: step-start, reasoning, tool:completed, text:"", tool:completed, step-finish | [9]assistant: step-start, reasoning, text:" Now I have all the research data. Let m...", tool:completed, step-finish | [10]assistant: step-start, reasoning, tool:completed, text:"", step-finish | [11]assistant: step-start, reasoning, tool:completed, text:"", step-finish, patch
[2026-01-30T12:14:06.994Z] message-hooks: post-filter, msgCount=12
[2026-01-30T12:14:06.994Z] message-hooks: about to search for OPENCODE_GENERIC
[2026-01-30T12:14:06.994Z] message-hooks: searching 12 messages for OPENCODE_GENERIC
[2026-01-30T12:14:06.994Z] message-hooks: generic search complete, found=false, index=-1
[2026-01-30T12:14:06.994Z] message-hooks: no generic part found, checking for pending prompt return
[2026-01-30T12:14:34.852Z] message-hooks: ENTRY msgCount=13, sessions=ses_3f12deecaffeH850TtbL93ZWYR
[2026-01-30T12:14:34.852Z] message-hooks: MESSAGES: [0]user: text:"{as:ticket_info && subtask:true} "Run /t..." | [1]assistant: step-start, reasoning, text:" I'll start by reading the ticket file t...", tool:error, step-finish | [2]assistant: step-start, reasoning, tool:completed, text:"", tool:completed, tool:completed, step-finish | [3]assistant: step-start, reasoning, tool:completed, text:"", step-finish | [4]assistant: step-start, reasoning, text:" Now let me research the existing codeba...", tool:completed, tool:completed, tool:completed, step-finish | [5]assistant: step-start, reasoning, tool:completed, text:"", tool:completed, step-finish | [6]assistant: step-start, reasoning, tool:completed, text:"", tool:completed, tool:completed, step-finish | [7]assistant: step-start, reasoning, tool:completed, text:"", tool:completed, tool:completed, step-finish | [8]assistant: step-start, reasoning, tool:completed, text:"", tool:completed, step-finish | [9]assistant: step-start, reasoning, text:" Now I have all the research data. Let m...", tool:completed, step-finish | [10]assistant: step-start, reasoning, tool:completed, text:"", step-finish | [11]assistant: step-start, reasoning, tool:completed, text:"", step-finish, patch | [12]assistant: step-start, reasoning, tool:completed, text:"", step-finish, patch
[2026-01-30T12:14:34.852Z] message-hooks: post-filter, msgCount=13
[2026-01-30T12:14:34.852Z] message-hooks: about to search for OPENCODE_GENERIC
[2026-01-30T12:14:34.852Z] message-hooks: searching 13 messages for OPENCODE_GENERIC
[2026-01-30T12:14:34.852Z] message-hooks: generic search complete, found=false, index=-1
[2026-01-30T12:14:34.852Z] message-hooks: no generic part found, checking for pending prompt return
